2025-10-12 12:16:55 | INFO | Starting training at 20251012-121655
2025-10-12 12:16:55 | INFO | Device: cuda
2025-10-12 12:16:58 | INFO | \u2705 Resumed from epoch 52, best loss so far: 22.0815
2025-10-12 12:39:15 | INFO | Epoch [53/150] | Avg Loss: 22.3791
2025-10-12 12:58:52 | INFO | Epoch [54/150] | Avg Loss: 22.6744
2025-10-12 13:18:23 | INFO | Epoch [55/150] | Avg Loss: 22.1786
2025-10-12 13:38:05 | INFO | Epoch [56/150] | Avg Loss: 22.6365
2025-10-12 13:57:32 | INFO | Epoch [57/150] | Avg Loss: 21.9704
2025-10-12 13:57:37 | INFO | \U0001f4be Saved Best Model at epoch 57 (Loss: 21.9704)
2025-10-12 14:16:52 | INFO | Epoch [58/150] | Avg Loss: 21.8405
2025-10-12 14:16:57 | INFO | \U0001f4be Saved Best Model at epoch 58 (Loss: 21.8405)
2025-10-12 14:36:14 | INFO | Epoch [59/150] | Avg Loss: 21.7918
2025-10-12 14:36:19 | INFO | \U0001f4be Saved Best Model at epoch 59 (Loss: 21.7918)
2025-10-12 14:55:24 | INFO | Epoch [60/150] | Avg Loss: 21.7543
2025-10-12 14:55:28 | INFO | \U0001f4be Saved Best Model at epoch 60 (Loss: 21.7543)
2025-10-12 15:14:30 | INFO | Epoch [61/150] | Avg Loss: 21.7021
2025-10-12 15:14:34 | INFO | \U0001f4be Saved Best Model at epoch 61 (Loss: 21.7021)
2025-10-12 15:33:35 | INFO | Epoch [62/150] | Avg Loss: 21.5299
2025-10-12 15:33:39 | INFO | \U0001f4be Saved Best Model at epoch 62 (Loss: 21.5299)
2025-10-12 15:52:16 | INFO | Epoch [63/150] | Avg Loss: 21.3762
2025-10-12 15:52:21 | INFO | \U0001f4be Saved Best Model at epoch 63 (Loss: 21.3762)
2025-10-12 16:10:36 | INFO | Epoch [64/150] | Avg Loss: 21.2949
2025-10-12 16:10:40 | INFO | \U0001f4be Saved Best Model at epoch 64 (Loss: 21.2949)
2025-10-12 16:29:01 | INFO | Epoch [65/150] | Avg Loss: 21.1233
2025-10-12 16:29:05 | INFO | \U0001f4be Saved Best Model at epoch 65 (Loss: 21.1233)
2025-10-12 16:47:36 | INFO | Epoch [66/150] | Avg Loss: 20.9265
2025-10-12 16:47:41 | INFO | \U0001f4be Saved Best Model at epoch 66 (Loss: 20.9265)
2025-10-12 17:06:17 | INFO | Epoch [67/150] | Avg Loss: 20.6591
2025-10-12 17:06:22 | INFO | \U0001f4be Saved Best Model at epoch 67 (Loss: 20.6591)
2025-10-12 17:26:31 | INFO | Epoch [68/150] | Avg Loss: 20.4336
2025-10-12 17:26:35 | INFO | \U0001f4be Saved Best Model at epoch 68 (Loss: 20.4336)
2025-10-12 17:45:57 | INFO | Epoch [69/150] | Avg Loss: 20.2435
2025-10-12 17:46:02 | INFO | \U0001f4be Saved Best Model at epoch 69 (Loss: 20.2435)
2025-10-12 18:04:31 | INFO | Epoch [70/150] | Avg Loss: 20.0682
2025-10-12 18:04:36 | INFO | \U0001f4be Saved Best Model at epoch 70 (Loss: 20.0682)
2025-10-12 18:23:03 | INFO | Epoch [71/150] | Avg Loss: 19.8897
2025-10-12 18:23:08 | INFO | \U0001f4be Saved Best Model at epoch 71 (Loss: 19.8897)
2025-10-12 18:42:23 | INFO | Epoch [72/150] | Avg Loss: 19.7090
2025-10-12 18:42:27 | INFO | \U0001f4be Saved Best Model at epoch 72 (Loss: 19.7090)
2025-10-12 19:02:16 | INFO | Epoch [73/150] | Avg Loss: 19.2957
2025-10-12 19:02:20 | INFO | \U0001f4be Saved Best Model at epoch 73 (Loss: 19.2957)
2025-10-12 19:21:56 | INFO | Epoch [74/150] | Avg Loss: 19.2266
2025-10-12 19:22:00 | INFO | \U0001f4be Saved Best Model at epoch 74 (Loss: 19.2266)
2025-10-12 19:42:06 | INFO | Epoch [75/150] | Avg Loss: 19.1675
2025-10-12 19:42:11 | INFO | \U0001f4be Saved Best Model at epoch 75 (Loss: 19.1675)
2025-10-12 20:02:46 | INFO | Epoch [76/150] | Avg Loss: 19.1273
2025-10-12 20:02:50 | INFO | \U0001f4be Saved Best Model at epoch 76 (Loss: 19.1273)
2025-10-12 20:22:48 | INFO | Epoch [77/150] | Avg Loss: 19.0918
2025-10-12 20:22:52 | INFO | \U0001f4be Saved Best Model at epoch 77 (Loss: 19.0918)
2025-10-12 20:42:36 | INFO | Epoch [78/150] | Avg Loss: 19.0479
2025-10-12 20:42:41 | INFO | \U0001f4be Saved Best Model at epoch 78 (Loss: 19.0479)
2025-10-12 21:02:28 | INFO | Epoch [79/150] | Avg Loss: 19.0059
2025-10-12 21:02:33 | INFO | \U0001f4be Saved Best Model at epoch 79 (Loss: 19.0059)
2025-10-12 21:22:30 | INFO | Epoch [80/150] | Avg Loss: 18.9659
2025-10-12 21:22:35 | INFO | \U0001f4be Saved Best Model at epoch 80 (Loss: 18.9659)
2025-10-12 21:42:43 | INFO | Epoch [81/150] | Avg Loss: 18.9411
2025-10-12 21:42:48 | INFO | \U0001f4be Saved Best Model at epoch 81 (Loss: 18.9411)
2025-10-12 22:02:50 | INFO | Epoch [82/150] | Avg Loss: 18.9053
2025-10-12 22:02:54 | INFO | \U0001f4be Saved Best Model at epoch 82 (Loss: 18.9053)
2025-10-12 22:22:49 | INFO | Epoch [83/150] | Avg Loss: 18.8753
2025-10-12 22:22:54 | INFO | \U0001f4be Saved Best Model at epoch 83 (Loss: 18.8753)
2025-10-12 22:43:00 | INFO | Epoch [84/150] | Avg Loss: 18.8354
2025-10-12 22:43:04 | INFO | \U0001f4be Saved Best Model at epoch 84 (Loss: 18.8354)
2025-10-12 23:03:07 | INFO | Epoch [85/150] | Avg Loss: 18.8005
2025-10-12 23:03:11 | INFO | \U0001f4be Saved Best Model at epoch 85 (Loss: 18.8005)
2025-10-12 23:22:59 | INFO | Epoch [86/150] | Avg Loss: 18.7621
2025-10-12 23:23:04 | INFO | \U0001f4be Saved Best Model at epoch 86 (Loss: 18.7621)
2025-10-12 23:42:36 | INFO | Epoch [87/150] | Avg Loss: 18.7296
2025-10-12 23:42:41 | INFO | \U0001f4be Saved Best Model at epoch 87 (Loss: 18.7296)
2025-10-13 00:02:24 | INFO | Epoch [88/150] | Avg Loss: 18.6978
2025-10-13 00:02:28 | INFO | \U0001f4be Saved Best Model at epoch 88 (Loss: 18.6978)
2025-10-13 00:22:09 | INFO | Epoch [89/150] | Avg Loss: 18.6429
2025-10-13 00:22:14 | INFO | \U0001f4be Saved Best Model at epoch 89 (Loss: 18.6429)
2025-10-13 00:42:25 | INFO | Epoch [90/150] | Avg Loss: 18.6162
2025-10-13 00:42:29 | INFO | \U0001f4be Saved Best Model at epoch 90 (Loss: 18.6162)
2025-10-13 01:02:28 | INFO | Epoch [91/150] | Avg Loss: 18.5800
2025-10-13 01:02:32 | INFO | \U0001f4be Saved Best Model at epoch 91 (Loss: 18.5800)
2025-10-13 01:22:18 | INFO | Epoch [92/150] | Avg Loss: 18.5484
2025-10-13 01:22:23 | INFO | \U0001f4be Saved Best Model at epoch 92 (Loss: 18.5484)
2025-10-13 01:42:14 | INFO | Epoch [93/150] | Avg Loss: 18.4583
2025-10-13 01:42:18 | INFO | \U0001f4be Saved Best Model at epoch 93 (Loss: 18.4583)
2025-10-13 02:02:03 | INFO | Epoch [94/150] | Avg Loss: 18.4463
2025-10-13 02:02:08 | INFO | \U0001f4be Saved Best Model at epoch 94 (Loss: 18.4463)
2025-10-13 02:21:43 | INFO | Epoch [95/150] | Avg Loss: 18.4414
2025-10-13 02:21:47 | INFO | \U0001f4be Saved Best Model at epoch 95 (Loss: 18.4414)
2025-10-13 02:41:31 | INFO | Epoch [96/150] | Avg Loss: 18.4253
2025-10-13 02:41:35 | INFO | \U0001f4be Saved Best Model at epoch 96 (Loss: 18.4253)
2025-10-13 03:01:21 | INFO | Epoch [97/150] | Avg Loss: 18.4205
2025-10-13 03:01:26 | INFO | \U0001f4be Saved Best Model at epoch 97 (Loss: 18.4205)
2025-10-13 03:20:56 | INFO | Epoch [98/150] | Avg Loss: 18.4117
2025-10-13 03:21:00 | INFO | \U0001f4be Saved Best Model at epoch 98 (Loss: 18.4117)
2025-10-13 03:43:08 | INFO | Epoch [99/150] | Avg Loss: 18.4235
2025-10-13 04:02:23 | INFO | Epoch [100/150] | Avg Loss: 18.4056
2025-10-13 04:02:27 | INFO | \U0001f4be Saved Best Model at epoch 100 (Loss: 18.4056)
2025-10-13 04:21:57 | INFO | Epoch [101/150] | Avg Loss: 18.3951
2025-10-13 04:22:02 | INFO | \U0001f4be Saved Best Model at epoch 101 (Loss: 18.3951)
2025-10-13 04:41:41 | INFO | Epoch [102/150] | Avg Loss: 18.4008
2025-10-13 05:01:27 | INFO | Epoch [103/150] | Avg Loss: 18.3984
2025-10-13 05:21:07 | INFO | Epoch [104/150] | Avg Loss: 18.3957
2025-10-13 05:40:31 | INFO | Epoch [105/150] | Avg Loss: 18.3829
2025-10-13 05:40:36 | INFO | \U0001f4be Saved Best Model at epoch 105 (Loss: 18.3829)
2025-10-13 06:00:27 | INFO | Epoch [106/150] | Avg Loss: 18.3755
2025-10-13 06:00:31 | INFO | \U0001f4be Saved Best Model at epoch 106 (Loss: 18.3755)
2025-10-13 06:20:21 | INFO | Epoch [107/150] | Avg Loss: 18.3797
2025-10-13 06:40:23 | INFO | Epoch [108/150] | Avg Loss: 18.3778
2025-10-13 07:00:31 | INFO | Epoch [109/150] | Avg Loss: 18.3606
2025-10-13 07:00:36 | INFO | \U0001f4be Saved Best Model at epoch 109 (Loss: 18.3606)
2025-10-13 07:20:26 | INFO | Epoch [110/150] | Avg Loss: 18.3648
